0 info it worked if it ends with ok
1 verbose cli [ 'C:\\Program Files\\nodejs\\node.exe',
1 verbose cli   'C:\\Program Files\\nodejs\\node_modules\\npm\\bin\\npm-cli.js',
1 verbose cli   'publish',
1 verbose cli   'tag' ]
2 info using npm@3.10.3
3 info using node@v6.5.0
4 verbose publish [ 'tag' ]
5 silly cache add args [ 'tag', null ]
6 verbose cache add spec tag
7 silly cache add parsed spec Result {
7 silly cache add   raw: 'tag',
7 silly cache add   scope: null,
7 silly cache add   escapedName: 'tag',
7 silly cache add   name: 'tag',
7 silly cache add   rawSpec: '',
7 silly cache add   spec: 'latest',
7 silly cache add   type: 'tag' }
8 silly addNamed tag@latest
9 verbose addNamed "latest" is being treated as a dist-tag for tag
10 info addNameTag [ 'tag', 'latest' ]
11 silly mapToRegistry name tag
12 silly mapToRegistry using default registry
13 silly mapToRegistry registry https://registry.npmjs.org/
14 silly mapToRegistry data Result {
14 silly mapToRegistry   raw: 'tag',
14 silly mapToRegistry   scope: null,
14 silly mapToRegistry   escapedName: 'tag',
14 silly mapToRegistry   name: 'tag',
14 silly mapToRegistry   rawSpec: '',
14 silly mapToRegistry   spec: 'latest',
14 silly mapToRegistry   type: 'tag' }
15 silly mapToRegistry uri https://registry.npmjs.org/tag
16 verbose addNameTag registry:https://registry.npmjs.org/tag not in flight; fetching
17 verbose request uri https://registry.npmjs.org/tag
18 verbose request no auth needed
19 info attempt registry request try #1 at 10:21:01 PM
20 verbose request using bearer token for auth
21 verbose request id c73fc88722a81053
22 http request GET https://registry.npmjs.org/tag
23 http 200 https://registry.npmjs.org/tag
24 verbose headers { server: 'nginx/1.10.1',
24 verbose headers   'content-type': 'application/json',
24 verbose headers   'last-modified': 'Sun, 27 Mar 2016 06:55:53 GMT',
24 verbose headers   etag: 'W/"56f783f9-d36"',
24 verbose headers   'content-encoding': 'gzip',
24 verbose headers   'cache-control': 'max-age=300',
24 verbose headers   'transfer-encoding': 'chunked',
24 verbose headers   'accept-ranges': 'bytes',
24 verbose headers   date: 'Sat, 04 Feb 2017 06:21:01 GMT',
24 verbose headers   via: '1.1 varnish',
24 verbose headers   connection: 'keep-alive',
24 verbose headers   'x-served-by': 'cache-sea1023-SEA',
24 verbose headers   'x-cache': 'MISS',
24 verbose headers   'x-cache-hits': '0',
24 verbose headers   'x-timer': 'S1486189261.281551,VS0,VE82',
24 verbose headers   vary: 'Accept-Encoding' }
25 silly get cb [ 200,
25 silly get   { server: 'nginx/1.10.1',
25 silly get     'content-type': 'application/json',
25 silly get     'last-modified': 'Sun, 27 Mar 2016 06:55:53 GMT',
25 silly get     etag: 'W/"56f783f9-d36"',
25 silly get     'content-encoding': 'gzip',
25 silly get     'cache-control': 'max-age=300',
25 silly get     'transfer-encoding': 'chunked',
25 silly get     'accept-ranges': 'bytes',
25 silly get     date: 'Sat, 04 Feb 2017 06:21:01 GMT',
25 silly get     via: '1.1 varnish',
25 silly get     connection: 'keep-alive',
25 silly get     'x-served-by': 'cache-sea1023-SEA',
25 silly get     'x-cache': 'MISS',
25 silly get     'x-cache-hits': '0',
25 silly get     'x-timer': 'S1486189261.281551,VS0,VE82',
25 silly get     vary: 'Accept-Encoding' } ]
26 verbose get saving tag to C:\Users\kevin\AppData\Roaming\npm-cache\registry.npmjs.org\tag\.cache.json
27 verbose correctMkdir C:\Users\kevin\AppData\Roaming\npm-cache correctMkdir not in flight; initializing
28 silly addNameTag next cb for tag with tag latest
29 silly addNamed tag@0.3.0
30 verbose addNamed "0.3.0" is a plain semver version for tag
31 silly mapToRegistry name tag
32 silly mapToRegistry using default registry
33 silly mapToRegistry registry https://registry.npmjs.org/
34 silly mapToRegistry data Result {
34 silly mapToRegistry   raw: 'tag',
34 silly mapToRegistry   scope: null,
34 silly mapToRegistry   escapedName: 'tag',
34 silly mapToRegistry   name: 'tag',
34 silly mapToRegistry   rawSpec: '',
34 silly mapToRegistry   spec: 'latest',
34 silly mapToRegistry   type: 'tag' }
35 silly mapToRegistry uri https://registry.npmjs.org/tag
36 verbose addRemoteTarball https://registry.npmjs.org/tag/-/tag-0.3.0.tgz not in flight; adding
37 verbose addRemoteTarball [ 'https://registry.npmjs.org/tag/-/tag-0.3.0.tgz',
37 verbose addRemoteTarball   '60e0aa389764df333e3d0cac7ce139dade666af9' ]
38 info retry fetch attempt 1 at 10:21:01 PM
39 info attempt registry request try #1 at 10:21:01 PM
40 http fetch GET https://registry.npmjs.org/tag/-/tag-0.3.0.tgz
41 verbose request using bearer token for auth
42 http fetch 200 https://registry.npmjs.org/tag/-/tag-0.3.0.tgz
43 silly fetchAndShaCheck shasum 60e0aa389764df333e3d0cac7ce139dade666af9
44 verbose addTmpTarball C:\Users\kevin\AppData\Local\Temp\npm-808-d5160a34\registry.npmjs.org\tag\-\tag-0.3.0.tgz not in flight; adding
45 verbose addTmpTarball already have metadata; skipping unpack for tag@0.3.0
46 verbose correctMkdir C:\Users\kevin\AppData\Roaming\npm-cache correctMkdir not in flight; initializing
47 silly cache afterAdd tag@0.3.0
48 verbose afterAdd C:\Users\kevin\AppData\Roaming\npm-cache\tag\0.3.0\package\package.json not in flight; writing
49 verbose correctMkdir C:\Users\kevin\AppData\Roaming\npm-cache correctMkdir not in flight; initializing
50 verbose afterAdd C:\Users\kevin\AppData\Roaming\npm-cache\tag\0.3.0\package\package.json written
51 silly publish { name: 'tag',
51 silly publish   description: 'Library for creating DOM elements',
51 silly publish   license: 'MIT',
51 silly publish   version: '0.3.0',
51 silly publish   author:
51 silly publish    { name: 'Alexander Tarasyuk',
51 silly publish      email: 'alexander.v.tarasyuk@gmail.com' },
51 silly publish   repository:
51 silly publish    { type: 'git',
51 silly publish      url: 'git+https://github.com/a-tarasyuk/tag.git' },
51 silly publish   bugs: { url: 'https://github.com/a-tarasyuk/tag/issues' },
51 silly publish   keywords: [ 'dom', 'html', 'tags' ],
51 silly publish   main: 'build/tag.js',
51 silly publish   scripts: { test: 'karma start', build: 'webpack' },
51 silly publish   devDependencies:
51 silly publish    { 'babel-core': '^6.7.4',
51 silly publish      'babel-loader': '^6.2.4',
51 silly publish      'babel-preset-es2015': '^6.6.0',
51 silly publish      chai: '^3.4.1',
51 silly publish      eslint: '^2.4.0',
51 silly publish      'eslint-config-airbnb': '^6.2.0',
51 silly publish      'eslint-loader': '^1.3.0',
51 silly publish      'eslint-plugin-react': '^4.2.3',
51 silly publish      karma: '~0.13.15',
51 silly publish      'karma-babel-preprocessor': '^6.0.1',
51 silly publish      'karma-chai': '~0.1.0',
51 silly publish      'karma-chrome-launcher': '~0.2',
51 silly publish      'karma-firefox-launcher': '~0.1',
51 silly publish      'karma-mocha': '~0.2',
51 silly publish      'karma-webpack': '^1.7.0',
51 silly publish      mocha: '^2.3.4',
51 silly publish      webpack: '^1.12.14' },
51 silly publish   gitHead: 'bf24784110f1b15183d71595cd0b4b010d54d63f',
51 silly publish   homepage: 'https://github.com/a-tarasyuk/tag#readme',
51 silly publish   _id: 'tag@0.3.0',
51 silly publish   _shasum: '60e0aa389764df333e3d0cac7ce139dade666af9',
51 silly publish   _from: 'tag@latest',
51 silly publish   _npmVersion: '3.3.6',
51 silly publish   _nodeVersion: '5.0.0',
51 silly publish   _npmUser: { name: 'a-tarasyuk', email: 'alexander.v.tarasyuk@gmail.com' },
51 silly publish   dist:
51 silly publish    { shasum: '60e0aa389764df333e3d0cac7ce139dade666af9',
51 silly publish      tarball: 'https://registry.npmjs.org/tag/-/tag-0.3.0.tgz' },
51 silly publish   maintainers: [ { name: 'a-tarasyuk', email: 'alexander.v.tarasyuk@gmail.com' } ],
51 silly publish   _npmOperationalInternal:
51 silly publish    { host: 'packages-12-west.internal.npmjs.com',
51 silly publish      tmp: 'tmp/tag-0.3.0.tgz_1459061751004_0.9234420517459512' },
51 silly publish   directories: {},
51 silly publish   _resolved: 'https://registry.npmjs.org/tag/-/tag-0.3.0.tgz' }
52 info lifecycle tag@0.3.0~prepublish: tag@0.3.0
53 silly lifecycle tag@0.3.0~prepublish: no script for prepublish, continuing
54 verbose getPublishConfig undefined
55 silly mapToRegistry name tag
56 silly mapToRegistry using default registry
57 silly mapToRegistry registry https://registry.npmjs.org/
58 silly mapToRegistry data Result {
58 silly mapToRegistry   raw: 'tag',
58 silly mapToRegistry   scope: null,
58 silly mapToRegistry   escapedName: 'tag',
58 silly mapToRegistry   name: 'tag',
58 silly mapToRegistry   rawSpec: '',
58 silly mapToRegistry   spec: 'latest',
58 silly mapToRegistry   type: 'tag' }
59 silly mapToRegistry uri https://registry.npmjs.org/tag
60 verbose publish registryBase https://registry.npmjs.org/
61 silly publish uploading C:\Users\kevin\AppData\Roaming\npm-cache\tag\0.3.0\package.tgz
62 verbose request uri https://registry.npmjs.org/tag
63 verbose request sending authorization for write operation
64 info attempt registry request try #1 at 10:21:01 PM
65 verbose request using bearer token for auth
66 http request PUT https://registry.npmjs.org/tag
67 http 403 https://registry.npmjs.org/tag
68 verbose headers { 'content-type': 'application/json',
68 verbose headers   'cache-control': 'max-age=300',
68 verbose headers   'content-length': '97',
68 verbose headers   'accept-ranges': 'bytes',
68 verbose headers   date: 'Sat, 04 Feb 2017 06:21:01 GMT',
68 verbose headers   via: '1.1 varnish',
68 verbose headers   connection: 'keep-alive',
68 verbose headers   'x-served-by': 'cache-sea1023-SEA',
68 verbose headers   'x-cache': 'MISS',
68 verbose headers   'x-cache-hits': '0',
68 verbose headers   'x-timer': 'S1486189261.558625,VS0,VE167',
68 verbose headers   vary: 'Accept-Encoding' }
69 verbose request invalidating C:\Users\kevin\AppData\Roaming\npm-cache\registry.npmjs.org\tag on PUT
70 error publish Failed PUT 403
71 verbose stack Error: you do not have permission to publish "tag". Are you logged in as the correct user? : tag
71 verbose stack     at makeError (C:\Program Files\nodejs\node_modules\npm\node_modules\npm-registry-client\lib\request.js:264:12)
71 verbose stack     at CachingRegistryClient.<anonymous> (C:\Program Files\nodejs\node_modules\npm\node_modules\npm-registry-client\lib\request.js:252:14)
71 verbose stack     at Request._callback (C:\Program Files\nodejs\node_modules\npm\node_modules\npm-registry-client\lib\request.js:172:14)
71 verbose stack     at Request.self.callback (C:\Program Files\nodejs\node_modules\npm\node_modules\request\request.js:200:22)
71 verbose stack     at emitTwo (events.js:106:13)
71 verbose stack     at Request.emit (events.js:191:7)
71 verbose stack     at Request.<anonymous> (C:\Program Files\nodejs\node_modules\npm\node_modules\request\request.js:1067:10)
71 verbose stack     at emitOne (events.js:101:20)
71 verbose stack     at Request.emit (events.js:188:7)
71 verbose stack     at IncomingMessage.<anonymous> (C:\Program Files\nodejs\node_modules\npm\node_modules\request\request.js:988:12)
72 verbose statusCode 403
73 verbose pkgid tag
74 verbose cwd E:\PROJECTS\CODE\svg-spritzer
75 error Windows_NT 10.0.14393
76 error argv "C:\\Program Files\\nodejs\\node.exe" "C:\\Program Files\\nodejs\\node_modules\\npm\\bin\\npm-cli.js" "publish" "tag"
77 error node v6.5.0
78 error npm  v3.10.3
79 error code E403
80 error you do not have permission to publish "tag". Are you logged in as the correct user? : tag
81 error If you need help, you may report this error at:
81 error     <https://github.com/npm/npm/issues>
82 verbose exit [ 1, true ]
